<?xml version="1.0" encoding="utf-8"?>
<test-run id="2" testcasecount="20" result="Passed" total="20" passed="20" failed="0" inconclusive="0" skipped="0" asserts="0" engine-version="3.5.0.0" clr-version="4.0.30319.42000" start-time="2026-06-26 00:59:15Z" end-time="2026-06-26 00:59:15Z" duration="0,0852316">
  <test-suite type="TestSuite" id="1000" name="ModelFoundry" fullname="ModelFoundry" runstate="Runnable" testcasecount="20" result="Passed" start-time="2026-06-26 00:59:15Z" end-time="2026-06-26 00:59:15Z" duration="0.085232" total="20" passed="20" failed="0" inconclusive="0" skipped="0" asserts="0">
    <properties>
      <property name="platform" value="EditMode" />
    </properties>
    <test-suite type="Assembly" id="1023" name="Assembly-CSharp-Editor.dll" fullname="D:/Unity/ModelFoundry/ModelFoundry/Library/ScriptAssemblies/Assembly-CSharp-Editor.dll" runstate="Runnable" testcasecount="20" result="Passed" start-time="2026-06-26 00:59:15Z" end-time="2026-06-26 00:59:15Z" duration="0.071762" total="20" passed="20" failed="0" inconclusive="0" skipped="0" asserts="0">
      <properties>
        <property name="_PID" value="26788" />
        <property name="_APPDOMAIN" value="Unity Child Domain" />
        <property name="platform" value="EditMode" />
        <property name="EditorOnly" value="True" />
      </properties>
      <test-suite type="TestFixture" id="1001" name="ContractTests" fullname="ContractTests" classname="ContractTests" runstate="Runnable" testcasecount="6" result="Passed" start-time="2026-06-26 00:59:15Z" end-time="2026-06-26 00:59:15Z" duration="0.049174" total="6" passed="6" failed="0" inconclusive="0" skipped="0" asserts="0">
        <properties />
        <test-case id="1003" name="ContractAcceptance_DeductsFromOffers_AndAppliesUpfront" fullname="ContractTests.ContractAcceptance_DeductsFromOffers_AndAppliesUpfront" methodname="ContractAcceptance_DeductsFromOffers_AndAppliesUpfront" classname="ContractTests" runstate="Runnable" seed="1485011198" result="Passed" start-time="2026-06-26 00:59:15Z" end-time="2026-06-26 00:59:15Z" duration="0.021969" asserts="0">
          <properties>
            <property name="retryIteration" value="0" />
            <property name="repeatIteration" value="0" />
          </properties>
        </test-case>
        <test-case id="1004" name="ContractAcceptance_EnforcesActiveLimitOfThree" fullname="ContractTests.ContractAcceptance_EnforcesActiveLimitOfThree" methodname="ContractAcceptance_EnforcesActiveLimitOfThree" classname="ContractTests" runstate="Runnable" seed="521050416" result="Passed" start-time="2026-06-26 00:59:15Z" end-time="2026-06-26 00:59:15Z" duration="0.000807" asserts="0">
          <properties>
            <property name="retryIteration" value="0" />
            <property name="repeatIteration" value="0" />
          </properties>
        </test-case>
        <test-case id="1005" name="ContractDelivery_AppliesPayout_AndRemovesActive" fullname="ContractTests.ContractDelivery_AppliesPayout_AndRemovesActive" methodname="ContractDelivery_AppliesPayout_AndRemovesActive" classname="ContractTests" runstate="Runnable" seed="291876130" result="Passed" start-time="2026-06-26 00:59:15Z" end-time="2026-06-26 00:59:15Z" duration="0.001218" asserts="0">
          <properties>
            <property name="retryIteration" value="0" />
            <property name="repeatIteration" value="0" />
          </properties>
        </test-case>
        <test-case id="1006" name="ContractFailure_AppliesPenalties_AndRemovesActive" fullname="ContractTests.ContractFailure_AppliesPenalties_AndRemovesActive" methodname="ContractFailure_AppliesPenalties_AndRemovesActive" classname="ContractTests" runstate="Runnable" seed="1342603578" result="Passed" start-time="2026-06-26 00:59:15Z" end-time="2026-06-26 00:59:15Z" duration="0.000955" asserts="0">
          <properties>
            <property name="retryIteration" value="0" />
            <property name="repeatIteration" value="0" />
          </properties>
        </test-case>
        <test-case id="1002" name="ContractGeneration_RespectsTechUnlocks" fullname="ContractTests.ContractGeneration_RespectsTechUnlocks" methodname="ContractGeneration_RespectsTechUnlocks" classname="ContractTests" runstate="Runnable" seed="908914037" result="Passed" start-time="2026-06-26 00:59:15Z" end-time="2026-06-26 00:59:15Z" duration="0.001943" asserts="0">
          <properties>
            <property name="retryIteration" value="0" />
            <property name="repeatIteration" value="0" />
          </properties>
        </test-case>
        <test-case id="1007" name="GlobalAIEvents_ApplyShortageModifiers" fullname="ContractTests.GlobalAIEvents_ApplyShortageModifiers" methodname="GlobalAIEvents_ApplyShortageModifiers" classname="ContractTests" runstate="Runnable" seed="560738487" result="Passed" start-time="2026-06-26 00:59:15Z" end-time="2026-06-26 00:59:15Z" duration="0.003594" asserts="0">
          <properties>
            <property name="retryIteration" value="0" />
            <property name="repeatIteration" value="0" />
          </properties>
        </test-case>
      </test-suite>
      <test-suite type="TestFixture" id="1008" name="HiringTests" fullname="HiringTests" classname="HiringTests" runstate="Runnable" testcasecount="14" result="Passed" start-time="2026-06-26 00:59:15Z" end-time="2026-06-26 00:59:15Z" duration="0.020256" total="14" passed="14" failed="0" inconclusive="0" skipped="0" asserts="0">
        <properties />
        <test-case id="1019" name="AnalyticsHistory_RecordsAndRestoresCorrectly" fullname="HiringTests.AnalyticsHistory_RecordsAndRestoresCorrectly" methodname="AnalyticsHistory_RecordsAndRestoresCorrectly" classname="HiringTests" runstate="Runnable" seed="1072038655" result="Passed" start-time="2026-06-26 00:59:15Z" end-time="2026-06-26 00:59:15Z" duration="0.007859" asserts="0">
          <properties>
            <property name="retryIteration" value="0" />
            <property name="repeatIteration" value="0" />
          </properties>
        </test-case>
        <test-case id="1022" name="BackendEngineer_IncreasesMaxContracts" fullname="HiringTests.BackendEngineer_IncreasesMaxContracts" methodname="BackendEngineer_IncreasesMaxContracts" classname="HiringTests" runstate="Runnable" seed="860958805" result="Passed" start-time="2026-06-26 00:59:15Z" end-time="2026-06-26 00:59:15Z" duration="0.001561" asserts="0">
          <properties>
            <property name="retryIteration" value="0" />
            <property name="repeatIteration" value="0" />
          </properties>
        </test-case>
        <test-case id="1014" name="BuyGpuUpgrade_FailsWhenInsufficientCash" fullname="HiringTests.BuyGpuUpgrade_FailsWhenInsufficientCash" methodname="BuyGpuUpgrade_FailsWhenInsufficientCash" classname="HiringTests" runstate="Runnable" seed="2005651444" result="Passed" start-time="2026-06-26 00:59:15Z" end-time="2026-06-26 00:59:15Z" duration="0.000547" asserts="0">
          <properties>
            <property name="retryIteration" value="0" />
            <property name="repeatIteration" value="0" />
          </properties>
        </test-case>
        <test-case id="1013" name="BuyGpuUpgrade_SucceedsAndModifiesState" fullname="HiringTests.BuyGpuUpgrade_SucceedsAndModifiesState" methodname="BuyGpuUpgrade_SucceedsAndModifiesState" classname="HiringTests" runstate="Runnable" seed="140401594" result="Passed" start-time="2026-06-26 00:59:15Z" end-time="2026-06-26 00:59:15Z" duration="0.000338" asserts="0">
          <properties>
            <property name="retryIteration" value="0" />
            <property name="repeatIteration" value="0" />
          </properties>
        </test-case>
        <test-case id="1012" name="GameManager_LoadGameState_RestoresStateCorrectly" fullname="HiringTests.GameManager_LoadGameState_RestoresStateCorrectly" methodname="GameManager_LoadGameState_RestoresStateCorrectly" classname="HiringTests" runstate="Runnable" seed="727217181" result="Passed" start-time="2026-06-26 00:59:15Z" end-time="2026-06-26 00:59:15Z" duration="0.000533" asserts="0">
          <properties>
            <property name="retryIteration" value="0" />
            <property name="repeatIteration" value="0" />
          </properties>
        </test-case>
        <test-case id="1011" name="HireMLEngineer_ModifiesBurnAndTeamSize" fullname="HiringTests.HireMLEngineer_ModifiesBurnAndTeamSize" methodname="HireMLEngineer_ModifiesBurnAndTeamSize" classname="HiringTests" runstate="Runnable" seed="1216098825" result="Passed" start-time="2026-06-26 00:59:15Z" end-time="2026-06-26 00:59:15Z" duration="0.000409" asserts="0">
          <properties>
            <property name="retryIteration" value="0" />
            <property name="repeatIteration" value="0" />
          </properties>
        </test-case>
        <test-case id="1021" name="NocSystem_OverheatStateTriggeredCorrectly" fullname="HiringTests.NocSystem_OverheatStateTriggeredCorrectly" methodname="NocSystem_OverheatStateTriggeredCorrectly" classname="HiringTests" runstate="Runnable" seed="67762923" result="Passed" start-time="2026-06-26 00:59:15Z" end-time="2026-06-26 00:59:15Z" duration="0.001279" asserts="0">
          <properties>
            <property name="retryIteration" value="0" />
            <property name="repeatIteration" value="0" />
          </properties>
        </test-case>
        <test-case id="1020" name="RecalculateMonthlyBurn_AppliesFase7Modifiers" fullname="HiringTests.RecalculateMonthlyBurn_AppliesFase7Modifiers" methodname="RecalculateMonthlyBurn_AppliesFase7Modifiers" classname="HiringTests" runstate="Runnable" seed="1373622957" result="Passed" start-time="2026-06-26 00:59:15Z" end-time="2026-06-26 00:59:15Z" duration="0.001007" asserts="0">
          <properties>
            <property name="retryIteration" value="0" />
            <property name="repeatIteration" value="0" />
          </properties>
        </test-case>
        <test-case id="1016" name="RecalculateMonthlyBurn_CorrectlyAppliesModifiers" fullname="HiringTests.RecalculateMonthlyBurn_CorrectlyAppliesModifiers" methodname="RecalculateMonthlyBurn_CorrectlyAppliesModifiers" classname="HiringTests" runstate="Runnable" seed="88678329" result="Passed" start-time="2026-06-26 00:59:15Z" end-time="2026-06-26 00:59:15Z" duration="0.000552" asserts="0">
          <properties>
            <property name="retryIteration" value="0" />
            <property name="repeatIteration" value="0" />
          </properties>
        </test-case>
        <test-case id="1017" name="ResearchUnlocks_AdvancedRAndD" fullname="HiringTests.ResearchUnlocks_AdvancedRAndD" methodname="ResearchUnlocks_AdvancedRAndD" classname="HiringTests" runstate="Runnable" seed="2064276101" result="Passed" start-time="2026-06-26 00:59:15Z" end-time="2026-06-26 00:59:15Z" duration="0.000338" asserts="0">
          <properties>
            <property name="retryIteration" value="0" />
            <property name="repeatIteration" value="0" />
          </properties>
        </test-case>
        <test-case id="1018" name="SaveLoadSerialization_RestoresPhase4State" fullname="HiringTests.SaveLoadSerialization_RestoresPhase4State" methodname="SaveLoadSerialization_RestoresPhase4State" classname="HiringTests" runstate="Runnable" seed="1061598949" result="Passed" start-time="2026-06-26 00:59:15Z" end-time="2026-06-26 00:59:15Z" duration="0.000469" asserts="0">
          <properties>
            <property name="retryIteration" value="0" />
            <property name="repeatIteration" value="0" />
          </properties>
        </test-case>
        <test-case id="1009" name="SpendCash_DeductsFromCashBalance" fullname="HiringTests.SpendCash_DeductsFromCashBalance" methodname="SpendCash_DeductsFromCashBalance" classname="HiringTests" runstate="Runnable" seed="801262088" result="Passed" start-time="2026-06-26 00:59:15Z" end-time="2026-06-26 00:59:15Z" duration="0.000490" asserts="0">
          <properties>
            <property name="retryIteration" value="0" />
            <property name="repeatIteration" value="0" />
          </properties>
        </test-case>
        <test-case id="1010" name="SpendCash_FailsWhenInsufficientCash" fullname="HiringTests.SpendCash_FailsWhenInsufficientCash" methodname="SpendCash_FailsWhenInsufficientCash" classname="HiringTests" runstate="Runnable" seed="1087281300" result="Passed" start-time="2026-06-26 00:59:15Z" end-time="2026-06-26 00:59:15Z" duration="0.000225" asserts="0">
          <properties>
            <property name="retryIteration" value="0" />
            <property name="repeatIteration" value="0" />
          </properties>
        </test-case>
        <test-case id="1015" name="TimeController_LoadDateTime_RestoresTimeCorrectly" fullname="HiringTests.TimeController_LoadDateTime_RestoresTimeCorrectly" methodname="TimeController_LoadDateTime_RestoresTimeCorrectly" classname="HiringTests" runstate="Runnable" seed="1300346442" result="Passed" start-time="2026-06-26 00:59:15Z" end-time="2026-06-26 00:59:15Z" duration="0.000284" asserts="0">
          <properties>
            <property name="retryIteration" value="0" />
            <property name="repeatIteration" value="0" />
          </properties>
          <output><![CDATA[Saving results to: C:/Users/SuperFast/AppData/LocalLow/DefaultCompany/ModelFoundry\TestResults.xml
]]></output>
        </test-case>
      </test-suite>
    </test-suite>
  </test-suite>
</test-run>