<?xml version="1.0" encoding="utf-8"?>
<test-run id="2" testcasecount="20" result="Failed(Child)" total="20" passed="18" failed="2" inconclusive="0" skipped="0" asserts="0" engine-version="3.5.0.0" clr-version="4.0.30319.42000" start-time="2026-06-26 00:56:52Z" end-time="2026-06-26 00:56:52Z" duration="0,1443724">
  <test-suite type="TestSuite" id="1000" name="ModelFoundry" fullname="ModelFoundry" runstate="Runnable" testcasecount="20" result="Failed" site="Child" start-time="2026-06-26 00:56:52Z" end-time="2026-06-26 00:56:52Z" duration="0.144372" total="20" passed="18" failed="2" inconclusive="0" skipped="0" asserts="0">
    <properties>
      <property name="platform" value="EditMode" />
    </properties>
    <failure>
      <message><![CDATA[One or more child tests had errors]]></message>
    </failure>
    <test-suite type="Assembly" id="1023" name="Assembly-CSharp-Editor.dll" fullname="D:/Unity/ModelFoundry/ModelFoundry/Library/ScriptAssemblies/Assembly-CSharp-Editor.dll" runstate="Runnable" testcasecount="20" result="Failed" site="Child" start-time="2026-06-26 00:56:52Z" end-time="2026-06-26 00:56:52Z" duration="0.122539" total="20" passed="18" failed="2" inconclusive="0" skipped="0" asserts="0">
      <properties>
        <property name="_PID" value="3480" />
        <property name="_APPDOMAIN" value="Unity Child Domain" />
        <property name="platform" value="EditMode" />
        <property name="EditorOnly" value="True" />
      </properties>
      <failure>
        <message><![CDATA[One or more child tests had errors]]></message>
      </failure>
      <test-suite type="TestFixture" id="1001" name="ContractTests" fullname="ContractTests" classname="ContractTests" runstate="Runnable" testcasecount="6" result="Passed" start-time="2026-06-26 00:56:52Z" end-time="2026-06-26 00:56:52Z" duration="0.094962" total="6" passed="6" failed="0" inconclusive="0" skipped="0" asserts="0">
        <properties />
        <test-case id="1003" name="ContractAcceptance_DeductsFromOffers_AndAppliesUpfront" fullname="ContractTests.ContractAcceptance_DeductsFromOffers_AndAppliesUpfront" methodname="ContractAcceptance_DeductsFromOffers_AndAppliesUpfront" classname="ContractTests" runstate="Runnable" seed="85814271" result="Passed" start-time="2026-06-26 00:56:52Z" end-time="2026-06-26 00:56:52Z" duration="0.045218" asserts="0">
          <properties>
            <property name="retryIteration" value="0" />
            <property name="repeatIteration" value="0" />
          </properties>
        </test-case>
        <test-case id="1004" name="ContractAcceptance_EnforcesActiveLimitOfThree" fullname="ContractTests.ContractAcceptance_EnforcesActiveLimitOfThree" methodname="ContractAcceptance_EnforcesActiveLimitOfThree" classname="ContractTests" runstate="Runnable" seed="1546571797" result="Passed" start-time="2026-06-26 00:56:52Z" end-time="2026-06-26 00:56:52Z" duration="0.001061" asserts="0">
          <properties>
            <property name="retryIteration" value="0" />
            <property name="repeatIteration" value="0" />
          </properties>
        </test-case>
        <test-case id="1005" name="ContractDelivery_AppliesPayout_AndRemovesActive" fullname="ContractTests.ContractDelivery_AppliesPayout_AndRemovesActive" methodname="ContractDelivery_AppliesPayout_AndRemovesActive" classname="ContractTests" runstate="Runnable" seed="1579564444" result="Passed" start-time="2026-06-26 00:56:52Z" end-time="2026-06-26 00:56:52Z" duration="0.001362" asserts="0">
          <properties>
            <property name="retryIteration" value="0" />
            <property name="repeatIteration" value="0" />
          </properties>
        </test-case>
        <test-case id="1006" name="ContractFailure_AppliesPenalties_AndRemovesActive" fullname="ContractTests.ContractFailure_AppliesPenalties_AndRemovesActive" methodname="ContractFailure_AppliesPenalties_AndRemovesActive" classname="ContractTests" runstate="Runnable" seed="404852254" result="Passed" start-time="2026-06-26 00:56:52Z" end-time="2026-06-26 00:56:52Z" duration="0.002299" asserts="0">
          <properties>
            <property name="retryIteration" value="0" />
            <property name="repeatIteration" value="0" />
          </properties>
        </test-case>
        <test-case id="1002" name="ContractGeneration_RespectsTechUnlocks" fullname="ContractTests.ContractGeneration_RespectsTechUnlocks" methodname="ContractGeneration_RespectsTechUnlocks" classname="ContractTests" runstate="Runnable" seed="1763379852" result="Passed" start-time="2026-06-26 00:56:52Z" end-time="2026-06-26 00:56:52Z" duration="0.004853" asserts="0">
          <properties>
            <property name="retryIteration" value="0" />
            <property name="repeatIteration" value="0" />
          </properties>
        </test-case>
        <test-case id="1007" name="GlobalAIEvents_ApplyShortageModifiers" fullname="ContractTests.GlobalAIEvents_ApplyShortageModifiers" methodname="GlobalAIEvents_ApplyShortageModifiers" classname="ContractTests" runstate="Runnable" seed="1079157973" result="Passed" start-time="2026-06-26 00:56:52Z" end-time="2026-06-26 00:56:52Z" duration="0.005131" asserts="0">
          <properties>
            <property name="retryIteration" value="0" />
            <property name="repeatIteration" value="0" />
          </properties>
        </test-case>
      </test-suite>
      <test-suite type="TestFixture" id="1008" name="HiringTests" fullname="HiringTests" classname="HiringTests" runstate="Runnable" testcasecount="14" result="Failed" site="Child" start-time="2026-06-26 00:56:52Z" end-time="2026-06-26 00:56:52Z" duration="0.024804" total="14" passed="12" failed="2" inconclusive="0" skipped="0" asserts="0">
        <properties />
        <failure>
          <message><![CDATA[One or more child tests had errors]]></message>
        </failure>
        <test-case id="1019" name="AnalyticsHistory_RecordsAndRestoresCorrectly" fullname="HiringTests.AnalyticsHistory_RecordsAndRestoresCorrectly" methodname="AnalyticsHistory_RecordsAndRestoresCorrectly" classname="HiringTests" runstate="Runnable" seed="62374798" result="Passed" start-time="2026-06-26 00:56:52Z" end-time="2026-06-26 00:56:52Z" duration="0.006843" asserts="0">
          <properties>
            <property name="retryIteration" value="0" />
            <property name="repeatIteration" value="0" />
          </properties>
        </test-case>
        <test-case id="1022" name="BackendEngineer_IncreasesMaxContracts" fullname="HiringTests.BackendEngineer_IncreasesMaxContracts" methodname="BackendEngineer_IncreasesMaxContracts" classname="HiringTests" runstate="Runnable" seed="1720063752" result="Failed" start-time="2026-06-26 00:56:52Z" end-time="2026-06-26 00:56:52Z" duration="0.005210" asserts="0">
          <properties>
            <property name="retryIteration" value="0" />
            <property name="repeatIteration" value="0" />
          </properties>
          <failure>
            <message><![CDATA[  Expected: <ContractController (ContractController)>
  But was:  null
]]></message>
            <stack-trace><![CDATA[at HiringTests.BackendEngineer_IncreasesMaxContracts () [0x0002d] in D:\Unity\ModelFoundry\ModelFoundry\Assets\Editor\HiringTests.cs:353
]]></stack-trace>
          </failure>
        </test-case>
        <test-case id="1014" name="BuyGpuUpgrade_FailsWhenInsufficientCash" fullname="HiringTests.BuyGpuUpgrade_FailsWhenInsufficientCash" methodname="BuyGpuUpgrade_FailsWhenInsufficientCash" classname="HiringTests" runstate="Runnable" seed="181491399" result="Passed" start-time="2026-06-26 00:56:52Z" end-time="2026-06-26 00:56:52Z" duration="0.000624" asserts="0">
          <properties>
            <property name="retryIteration" value="0" />
            <property name="repeatIteration" value="0" />
          </properties>
        </test-case>
        <test-case id="1013" name="BuyGpuUpgrade_SucceedsAndModifiesState" fullname="HiringTests.BuyGpuUpgrade_SucceedsAndModifiesState" methodname="BuyGpuUpgrade_SucceedsAndModifiesState" classname="HiringTests" runstate="Runnable" seed="610123144" result="Passed" start-time="2026-06-26 00:56:52Z" end-time="2026-06-26 00:56:52Z" duration="0.000696" asserts="0">
          <properties>
            <property name="retryIteration" value="0" />
            <property name="repeatIteration" value="0" />
          </properties>
        </test-case>
        <test-case id="1012" name="GameManager_LoadGameState_RestoresStateCorrectly" fullname="HiringTests.GameManager_LoadGameState_RestoresStateCorrectly" methodname="GameManager_LoadGameState_RestoresStateCorrectly" classname="HiringTests" runstate="Runnable" seed="1135537162" result="Failed" start-time="2026-06-26 00:56:52Z" end-time="2026-06-26 00:56:52Z" duration="0.000722" asserts="0">
          <properties>
            <property name="retryIteration" value="0" />
            <property name="repeatIteration" value="0" />
          </properties>
          <failure>
            <message><![CDATA[  Expected: 3
  But was:  2
]]></message>
            <stack-trace><![CDATA[at HiringTests.GameManager_LoadGameState_RestoresStateCorrectly () [0x000bb] in D:\Unity\ModelFoundry\ModelFoundry\Assets\Editor\HiringTests.cs:67
]]></stack-trace>
          </failure>
        </test-case>
        <test-case id="1011" name="HireMLEngineer_ModifiesBurnAndTeamSize" fullname="HiringTests.HireMLEngineer_ModifiesBurnAndTeamSize" methodname="HireMLEngineer_ModifiesBurnAndTeamSize" classname="HiringTests" runstate="Runnable" seed="1471581822" result="Passed" start-time="2026-06-26 00:56:52Z" end-time="2026-06-26 00:56:52Z" duration="0.000580" asserts="0">
          <properties>
            <property name="retryIteration" value="0" />
            <property name="repeatIteration" value="0" />
          </properties>
        </test-case>
        <test-case id="1021" name="NocSystem_OverheatStateTriggeredCorrectly" fullname="HiringTests.NocSystem_OverheatStateTriggeredCorrectly" methodname="NocSystem_OverheatStateTriggeredCorrectly" classname="HiringTests" runstate="Runnable" seed="787152642" result="Passed" start-time="2026-06-26 00:56:52Z" end-time="2026-06-26 00:56:52Z" duration="0.001099" asserts="0">
          <properties>
            <property name="retryIteration" value="0" />
            <property name="repeatIteration" value="0" />
          </properties>
        </test-case>
        <test-case id="1020" name="RecalculateMonthlyBurn_AppliesFase7Modifiers" fullname="HiringTests.RecalculateMonthlyBurn_AppliesFase7Modifiers" methodname="RecalculateMonthlyBurn_AppliesFase7Modifiers" classname="HiringTests" runstate="Runnable" seed="1048172947" result="Passed" start-time="2026-06-26 00:56:52Z" end-time="2026-06-26 00:56:52Z" duration="0.000870" asserts="0">
          <properties>
            <property name="retryIteration" value="0" />
            <property name="repeatIteration" value="0" />
          </properties>
        </test-case>
        <test-case id="1016" name="RecalculateMonthlyBurn_CorrectlyAppliesModifiers" fullname="HiringTests.RecalculateMonthlyBurn_CorrectlyAppliesModifiers" methodname="RecalculateMonthlyBurn_CorrectlyAppliesModifiers" classname="HiringTests" runstate="Runnable" seed="549201327" result="Passed" start-time="2026-06-26 00:56:52Z" end-time="2026-06-26 00:56:52Z" duration="0.001036" asserts="0">
          <properties>
            <property name="retryIteration" value="0" />
            <property name="repeatIteration" value="0" />
          </properties>
        </test-case>
        <test-case id="1017" name="ResearchUnlocks_AdvancedRAndD" fullname="HiringTests.ResearchUnlocks_AdvancedRAndD" methodname="ResearchUnlocks_AdvancedRAndD" classname="HiringTests" runstate="Runnable" seed="1652302698" result="Passed" start-time="2026-06-26 00:56:52Z" end-time="2026-06-26 00:56:52Z" duration="0.000555" asserts="0">
          <properties>
            <property name="retryIteration" value="0" />
            <property name="repeatIteration" value="0" />
          </properties>
        </test-case>
        <test-case id="1018" name="SaveLoadSerialization_RestoresPhase4State" fullname="HiringTests.SaveLoadSerialization_RestoresPhase4State" methodname="SaveLoadSerialization_RestoresPhase4State" classname="HiringTests" runstate="Runnable" seed="563519827" result="Passed" start-time="2026-06-26 00:56:52Z" end-time="2026-06-26 00:56:52Z" duration="0.000475" asserts="0">
          <properties>
            <property name="retryIteration" value="0" />
            <property name="repeatIteration" value="0" />
          </properties>
        </test-case>
        <test-case id="1009" name="SpendCash_DeductsFromCashBalance" fullname="HiringTests.SpendCash_DeductsFromCashBalance" methodname="SpendCash_DeductsFromCashBalance" classname="HiringTests" runstate="Runnable" seed="1560077231" result="Passed" start-time="2026-06-26 00:56:52Z" end-time="2026-06-26 00:56:52Z" duration="0.000340" asserts="0">
          <properties>
            <property name="retryIteration" value="0" />
            <property name="repeatIteration" value="0" />
          </properties>
        </test-case>
        <test-case id="1010" name="SpendCash_FailsWhenInsufficientCash" fullname="HiringTests.SpendCash_FailsWhenInsufficientCash" methodname="SpendCash_FailsWhenInsufficientCash" classname="HiringTests" runstate="Runnable" seed="117898164" result="Passed" start-time="2026-06-26 00:56:52Z" end-time="2026-06-26 00:56:52Z" duration="0.000341" asserts="0">
          <properties>
            <property name="retryIteration" value="0" />
            <property name="repeatIteration" value="0" />
          </properties>
        </test-case>
        <test-case id="1015" name="TimeController_LoadDateTime_RestoresTimeCorrectly" fullname="HiringTests.TimeController_LoadDateTime_RestoresTimeCorrectly" methodname="TimeController_LoadDateTime_RestoresTimeCorrectly" classname="HiringTests" runstate="Runnable" seed="808997891" result="Passed" start-time="2026-06-26 00:56:52Z" end-time="2026-06-26 00:56:52Z" duration="0.000504" asserts="0">
          <properties>
            <property name="retryIteration" value="0" />
            <property name="repeatIteration" value="0" />
          </properties>
          <output><![CDATA[Saving results to: C:/Users/SuperFast/AppData/LocalLow/DefaultCompany/ModelFoundry\TestResults.xml
]]></output>
        </test-case>
      </test-suite>
    </test-suite>
  </test-suite>
</test-run>