<?xml version="1.0" encoding="utf-8"?>
<test-run id="2" testcasecount="11" result="Failed(Child)" total="11" passed="9" failed="2" inconclusive="0" skipped="0" asserts="0" engine-version="3.5.0.0" clr-version="4.0.30319.42000" start-time="2026-06-25 16:51:54Z" end-time="2026-06-25 16:51:54Z" duration="0,099325">
  <test-suite type="TestSuite" id="1000" name="ModelFoundry" fullname="ModelFoundry" runstate="Runnable" testcasecount="11" result="Failed" site="Child" start-time="2026-06-25 16:51:54Z" end-time="2026-06-25 16:51:54Z" duration="0.099325" total="11" passed="9" failed="2" inconclusive="0" skipped="0" asserts="0">
    <properties>
      <property name="platform" value="EditMode" />
    </properties>
    <failure>
      <message><![CDATA[One or more child tests had errors]]></message>
    </failure>
    <test-suite type="Assembly" id="1013" name="Assembly-CSharp-Editor.dll" fullname="D:/Unity/ModelFoundry/ModelFoundry/Library/ScriptAssemblies/Assembly-CSharp-Editor.dll" runstate="Runnable" testcasecount="11" result="Failed" site="Child" start-time="2026-06-25 16:51:54Z" end-time="2026-06-25 16:51:54Z" duration="0.082039" total="11" passed="9" failed="2" inconclusive="0" skipped="0" asserts="0">
      <properties>
        <property name="_PID" value="38800" />
        <property name="_APPDOMAIN" value="Unity Child Domain" />
        <property name="platform" value="EditMode" />
        <property name="EditorOnly" value="True" />
      </properties>
      <failure>
        <message><![CDATA[One or more child tests had errors]]></message>
      </failure>
      <test-suite type="TestFixture" id="1001" name="HiringTests" fullname="HiringTests" classname="HiringTests" runstate="Runnable" testcasecount="11" result="Failed" site="Child" start-time="2026-06-25 16:51:54Z" end-time="2026-06-25 16:51:54Z" duration="0.079184" total="11" passed="9" failed="2" inconclusive="0" skipped="0" asserts="0">
        <properties />
        <failure>
          <message><![CDATA[One or more child tests had errors]]></message>
        </failure>
        <test-case id="1012" name="AnalyticsHistory_RecordsAndRestoresCorrectly" fullname="HiringTests.AnalyticsHistory_RecordsAndRestoresCorrectly" methodname="AnalyticsHistory_RecordsAndRestoresCorrectly" classname="HiringTests" runstate="Runnable" seed="1075451058" result="Failed" start-time="2026-06-25 16:51:54Z" end-time="2026-06-25 16:51:54Z" duration="0.026264" asserts="0">
          <properties>
            <property name="retryIteration" value="0" />
            <property name="repeatIteration" value="0" />
          </properties>
          <failure>
            <message><![CDATA[  Expected: <AnalyticsController (AnalyticsController)>
  But was:  null
]]></message>
            <stack-trace><![CDATA[at HiringTests.AnalyticsHistory_RecordsAndRestoresCorrectly () [0x00011] in D:\Unity\ModelFoundry\ModelFoundry\Assets\Editor\HiringTests.cs:223
]]></stack-trace>
          </failure>
        </test-case>
        <test-case id="1007" name="BuyGpuUpgrade_FailsWhenInsufficientCash" fullname="HiringTests.BuyGpuUpgrade_FailsWhenInsufficientCash" methodname="BuyGpuUpgrade_FailsWhenInsufficientCash" classname="HiringTests" runstate="Runnable" seed="114579255" result="Passed" start-time="2026-06-25 16:51:54Z" end-time="2026-06-25 16:51:54Z" duration="0.009702" asserts="0">
          <properties>
            <property name="retryIteration" value="0" />
            <property name="repeatIteration" value="0" />
          </properties>
        </test-case>
        <test-case id="1006" name="BuyGpuUpgrade_SucceedsAndModifiesState" fullname="HiringTests.BuyGpuUpgrade_SucceedsAndModifiesState" methodname="BuyGpuUpgrade_SucceedsAndModifiesState" classname="HiringTests" runstate="Runnable" seed="1418239544" result="Passed" start-time="2026-06-25 16:51:54Z" end-time="2026-06-25 16:51:54Z" duration="0.001427" asserts="0">
          <properties>
            <property name="retryIteration" value="0" />
            <property name="repeatIteration" value="0" />
          </properties>
        </test-case>
        <test-case id="1005" name="GameManager_LoadGameState_RestoresStateCorrectly" fullname="HiringTests.GameManager_LoadGameState_RestoresStateCorrectly" methodname="GameManager_LoadGameState_RestoresStateCorrectly" classname="HiringTests" runstate="Runnable" seed="183349797" result="Failed" start-time="2026-06-25 16:51:54Z" end-time="2026-06-25 16:51:54Z" duration="0.001927" asserts="0">
          <properties>
            <property name="retryIteration" value="0" />
            <property name="repeatIteration" value="0" />
          </properties>
          <failure>
            <message><![CDATA[  Expected: 2200.0f
  But was:  2300.0f
]]></message>
            <stack-trace><![CDATA[at HiringTests.GameManager_LoadGameState_RestoresStateCorrectly () [0x000d3] in D:\Unity\ModelFoundry\ModelFoundry\Assets\Editor\HiringTests.cs:69
]]></stack-trace>
          </failure>
        </test-case>
        <test-case id="1004" name="HireMLEngineer_ModifiesBurnAndTeamSize" fullname="HiringTests.HireMLEngineer_ModifiesBurnAndTeamSize" methodname="HireMLEngineer_ModifiesBurnAndTeamSize" classname="HiringTests" runstate="Runnable" seed="1731726863" result="Passed" start-time="2026-06-25 16:51:54Z" end-time="2026-06-25 16:51:54Z" duration="0.001084" asserts="0">
          <properties>
            <property name="retryIteration" value="0" />
            <property name="repeatIteration" value="0" />
          </properties>
        </test-case>
        <test-case id="1009" name="RecalculateMonthlyBurn_CorrectlyAppliesModifiers" fullname="HiringTests.RecalculateMonthlyBurn_CorrectlyAppliesModifiers" methodname="RecalculateMonthlyBurn_CorrectlyAppliesModifiers" classname="HiringTests" runstate="Runnable" seed="1638240009" result="Passed" start-time="2026-06-25 16:51:54Z" end-time="2026-06-25 16:51:54Z" duration="0.001188" asserts="0">
          <properties>
            <property name="retryIteration" value="0" />
            <property name="repeatIteration" value="0" />
          </properties>
        </test-case>
        <test-case id="1010" name="ResearchUnlocks_AdvancedRAndD" fullname="HiringTests.ResearchUnlocks_AdvancedRAndD" methodname="ResearchUnlocks_AdvancedRAndD" classname="HiringTests" runstate="Runnable" seed="399439424" result="Passed" start-time="2026-06-25 16:51:54Z" end-time="2026-06-25 16:51:54Z" duration="0.000486" asserts="0">
          <properties>
            <property name="retryIteration" value="0" />
            <property name="repeatIteration" value="0" />
          </properties>
        </test-case>
        <test-case id="1011" name="SaveLoadSerialization_RestoresPhase4State" fullname="HiringTests.SaveLoadSerialization_RestoresPhase4State" methodname="SaveLoadSerialization_RestoresPhase4State" classname="HiringTests" runstate="Runnable" seed="1060938150" result="Passed" start-time="2026-06-25 16:51:54Z" end-time="2026-06-25 16:51:54Z" duration="0.001278" asserts="0">
          <properties>
            <property name="retryIteration" value="0" />
            <property name="repeatIteration" value="0" />
          </properties>
        </test-case>
        <test-case id="1002" name="SpendCash_DeductsFromCashBalance" fullname="HiringTests.SpendCash_DeductsFromCashBalance" methodname="SpendCash_DeductsFromCashBalance" classname="HiringTests" runstate="Runnable" seed="748619091" result="Passed" start-time="2026-06-25 16:51:54Z" end-time="2026-06-25 16:51:54Z" duration="0.000959" asserts="0">
          <properties>
            <property name="retryIteration" value="0" />
            <property name="repeatIteration" value="0" />
          </properties>
        </test-case>
        <test-case id="1003" name="SpendCash_FailsWhenInsufficientCash" fullname="HiringTests.SpendCash_FailsWhenInsufficientCash" methodname="SpendCash_FailsWhenInsufficientCash" classname="HiringTests" runstate="Runnable" seed="845203231" result="Passed" start-time="2026-06-25 16:51:54Z" end-time="2026-06-25 16:51:54Z" duration="0.000461" asserts="0">
          <properties>
            <property name="retryIteration" value="0" />
            <property name="repeatIteration" value="0" />
          </properties>
        </test-case>
        <test-case id="1008" name="TimeController_LoadDateTime_RestoresTimeCorrectly" fullname="HiringTests.TimeController_LoadDateTime_RestoresTimeCorrectly" methodname="TimeController_LoadDateTime_RestoresTimeCorrectly" classname="HiringTests" runstate="Runnable" seed="1080215830" result="Passed" start-time="2026-06-25 16:51:54Z" end-time="2026-06-25 16:51:54Z" duration="0.001057" asserts="0">
          <properties>
            <property name="retryIteration" value="0" />
            <property name="repeatIteration" value="0" />
          </properties>
          <output><![CDATA[Saving results to: C:/Users/SuperFast/AppData/LocalLow/DefaultCompany/ModelFoundry\TestResults.xml
]]></output>
        </test-case>
      </test-suite>
    </test-suite>
  </test-suite>
</test-run>